{"contracts/opendefi-governance-token.sol":{"l":{"128":31,"132":0,"133":0,"181":17,"182":17,"189":1,"197":1,"214":0,"221":0,"228":33,"240":5,"241":4,"248":10,"259":9,"260":9,"277":10,"279":10,"280":10,"281":7,"283":7,"299":0,"300":0,"318":0,"319":0,"320":0,"322":0,"340":15,"341":15,"343":15,"345":14,"346":14,"347":14,"348":14,"350":14,"363":17,"365":17,"367":17,"368":17,"369":17,"384":0,"386":0,"388":0,"389":0,"390":0,"391":0,"393":0,"410":16,"411":16,"413":16,"414":16,"449":0,"450":0,"453":0,"454":0,"456":0,"463":0,"464":0,"467":0,"474":15,"475":15,"477":15,"484":0,"485":0,"487":0,"495":0,"496":0,"500":17,"535":32,"554":0,"555":0,"556":0,"557":0,"558":0,"559":0,"560":0,"561":0,"562":0,"573":0,"574":0,"575":0,"576":0,"577":0,"586":15,"594":15,"595":15,"598":0,"599":0,"600":0,"602":0,"616":0,"617":0,"619":0,"620":0,"635":0,"636":0,"638":0,"639":0,"658":0,"659":0,"660":0,"662":0,"663":0,"664":0},"path":"/Users/zilanouyang/Downloads/governance-token/contracts/opendefi-governance-token.sol","s":{"1":31,"2":0,"3":17,"4":17,"5":1,"6":1,"7":0,"8":0,"9":33,"10":5,"11":4,"12":10,"13":9,"14":9,"15":10,"16":10,"17":10,"18":7,"19":7,"20":0,"21":0,"22":0,"23":0,"24":0,"25":0,"26":15,"27":15,"28":15,"29":14,"30":14,"31":14,"32":14,"33":14,"34":17,"35":17,"36":17,"37":17,"38":17,"39":0,"40":0,"41":0,"42":0,"43":0,"44":0,"45":0,"46":16,"47":16,"48":16,"49":16,"50":0,"51":0,"52":0,"53":0,"54":0,"55":0,"56":0,"57":0,"58":15,"59":15,"60":15,"61":0,"62":0,"63":0,"64":0,"65":0,"66":17,"67":32,"68":0,"69":0,"70":0,"71":0,"72":0,"73":0,"74":0,"75":0,"76":0,"77":0,"78":0,"79":0,"80":0,"81":0,"82":15,"83":15,"84":15,"85":0,"86":0,"87":0,"88":0,"89":0,"90":0,"91":0,"92":0,"93":0,"94":0,"95":0,"96":0,"97":0,"98":0,"99":0,"100":0,"101":0,"102":0},"b":{"1":[7,3],"2":[0,0],"3":[15,0],"4":[15,0],"5":[14,0],"6":[17,0],"7":[0,0],"8":[0,0],"9":[16,0],"10":[16,0],"11":[0,0],"12":[0,0],"13":[0,0],"14":[15,0],"15":[0,0],"16":[0,0],"17":[31,1],"18":[0,0],"19":[0,0],"20":[0,0],"21":[0,0],"22":[0,0],"23":[15,0],"24":[0,0],"25":[0,0],"26":[0,0],"27":[0,0],"28":[0,0],"29":[0,0],"30":[0,0],"31":[0,0]},"f":{"1":31,"2":0,"3":17,"4":1,"5":1,"6":0,"7":0,"8":33,"9":5,"10":10,"11":9,"12":10,"13":0,"14":0,"15":15,"16":17,"17":0,"18":16,"19":0,"20":0,"21":0,"22":15,"23":0,"24":0,"25":17,"26":32,"27":0,"28":0,"29":15,"30":15,"31":0,"32":0,"33":0},"fnMap":{"1":{"name":"_msgSender","line":127,"loc":{"start":{"line":127,"column":4},"end":{"line":129,"column":4}}},"2":{"name":"_msgData","line":131,"loc":{"start":{"line":131,"column":4},"end":{"line":134,"column":4}}},"3":{"name":"constructor","line":180,"loc":{"start":{"line":180,"column":4},"end":{"line":183,"column":4}}},"4":{"name":"name","line":188,"loc":{"start":{"line":188,"column":4},"end":{"line":190,"column":4}}},"5":{"name":"symbol","line":196,"loc":{"start":{"line":196,"column":4},"end":{"line":198,"column":4}}},"6":{"name":"decimals","line":213,"loc":{"start":{"line":213,"column":4},"end":{"line":215,"column":4}}},"7":{"name":"totalSupply","line":220,"loc":{"start":{"line":220,"column":4},"end":{"line":222,"column":4}}},"8":{"name":"balanceOf","line":227,"loc":{"start":{"line":227,"column":4},"end":{"line":229,"column":4}}},"9":{"name":"transfer","line":239,"loc":{"start":{"line":239,"column":4},"end":{"line":242,"column":4}}},"10":{"name":"allowance","line":247,"loc":{"start":{"line":247,"column":4},"end":{"line":249,"column":4}}},"11":{"name":"approve","line":258,"loc":{"start":{"line":258,"column":4},"end":{"line":261,"column":4}}},"12":{"name":"transferFrom","line":276,"loc":{"start":{"line":276,"column":4},"end":{"line":284,"column":4}}},"13":{"name":"increaseAllowance","line":298,"loc":{"start":{"line":298,"column":4},"end":{"line":301,"column":4}}},"14":{"name":"decreaseAllowance","line":317,"loc":{"start":{"line":317,"column":4},"end":{"line":323,"column":4}}},"15":{"name":"_transfer","line":339,"loc":{"start":{"line":339,"column":4},"end":{"line":351,"column":4}}},"16":{"name":"_mint","line":362,"loc":{"start":{"line":362,"column":4},"end":{"line":370,"column":4}}},"17":{"name":"_burn","line":383,"loc":{"start":{"line":383,"column":4},"end":{"line":394,"column":4}}},"18":{"name":"_approve","line":409,"loc":{"start":{"line":409,"column":4},"end":{"line":415,"column":4}}},"19":{"name":"_beforeTokenTransfer","line":431,"loc":{"start":{"line":431,"column":4},"end":{"line":431,"column":95}}},"20":{"name":"mul","line":445,"loc":{"start":{"line":445,"column":4},"end":{"line":457,"column":4}}},"21":{"name":"div","line":462,"loc":{"start":{"line":462,"column":4},"end":{"line":468,"column":4}}},"22":{"name":"sub","line":473,"loc":{"start":{"line":473,"column":4},"end":{"line":478,"column":4}}},"23":{"name":"add","line":483,"loc":{"start":{"line":483,"column":4},"end":{"line":488,"column":4}}},"24":{"name":"mod","line":494,"loc":{"start":{"line":494,"column":4},"end":{"line":497,"column":4}}},"25":{"name":"constructor","line":499,"loc":{"start":{"line":499,"column":4},"end":{"line":501,"column":4}}},"26":{"name":"_beforeTokenTransfer","line":534,"loc":{"start":{"line":534,"column":4},"end":{"line":536,"column":4}}},"27":{"name":"newTokenLock","line":553,"loc":{"start":{"line":553,"column":4},"end":{"line":563,"column":4}}},"28":{"name":"clearLock","line":572,"loc":{"start":{"line":572,"column":4},"end":{"line":578,"column":4}}},"29":{"name":"balanceUnlocked","line":584,"loc":{"start":{"line":584,"column":4},"end":{"line":588,"column":4}}},"30":{"name":"balanceLocked","line":593,"loc":{"start":{"line":593,"column":4},"end":{"line":604,"column":4}}},"31":{"name":"reduceUnlockAmountTo","line":615,"loc":{"start":{"line":615,"column":4},"end":{"line":622,"column":4}}},"32":{"name":"increaseUnlockTime","line":634,"loc":{"start":{"line":634,"column":4},"end":{"line":641,"column":4}}},"33":{"name":"increaseTokensLocked","line":657,"loc":{"start":{"line":657,"column":4},"end":{"line":665,"column":4}}}},"statementMap":{"1":{"start":{"line":128,"column":8},"end":{"line":128,"column":25}},"2":{"start":{"line":133,"column":8},"end":{"line":133,"column":23}},"3":{"start":{"line":181,"column":8},"end":{"line":181,"column":20}},"4":{"start":{"line":182,"column":8},"end":{"line":182,"column":24}},"5":{"start":{"line":189,"column":8},"end":{"line":189,"column":20}},"6":{"start":{"line":197,"column":8},"end":{"line":197,"column":22}},"7":{"start":{"line":214,"column":8},"end":{"line":214,"column":17}},"8":{"start":{"line":221,"column":8},"end":{"line":221,"column":27}},"9":{"start":{"line":228,"column":8},"end":{"line":228,"column":33}},"10":{"start":{"line":240,"column":8},"end":{"line":240,"column":49}},"11":{"start":{"line":241,"column":8},"end":{"line":241,"column":19}},"12":{"start":{"line":248,"column":8},"end":{"line":248,"column":42}},"13":{"start":{"line":259,"column":8},"end":{"line":259,"column":46}},"14":{"start":{"line":260,"column":8},"end":{"line":260,"column":19}},"15":{"start":{"line":277,"column":8},"end":{"line":277,"column":43}},"16":{"start":{"line":279,"column":8},"end":{"line":279,"column":68}},"17":{"start":{"line":280,"column":8},"end":{"line":280,"column":86}},"18":{"start":{"line":281,"column":8},"end":{"line":281,"column":64}},"19":{"start":{"line":283,"column":8},"end":{"line":283,"column":19}},"20":{"start":{"line":299,"column":8},"end":{"line":299,"column":87}},"21":{"start":{"line":300,"column":8},"end":{"line":300,"column":19}},"22":{"start":{"line":318,"column":8},"end":{"line":318,"column":69}},"23":{"start":{"line":319,"column":8},"end":{"line":319,"column":92}},"24":{"start":{"line":320,"column":8},"end":{"line":320,"column":74}},"25":{"start":{"line":322,"column":8},"end":{"line":322,"column":19}},"26":{"start":{"line":340,"column":8},"end":{"line":340,"column":77}},"27":{"start":{"line":341,"column":8},"end":{"line":341,"column":78}},"28":{"start":{"line":343,"column":8},"end":{"line":343,"column":54}},"29":{"start":{"line":345,"column":8},"end":{"line":345,"column":49}},"30":{"start":{"line":346,"column":8},"end":{"line":346,"column":81}},"31":{"start":{"line":347,"column":8},"end":{"line":347,"column":49}},"32":{"start":{"line":348,"column":8},"end":{"line":348,"column":37}},"33":{"start":{"line":350,"column":8},"end":{"line":350,"column":48}},"34":{"start":{"line":363,"column":8},"end":{"line":363,"column":72}},"35":{"start":{"line":365,"column":8},"end":{"line":365,"column":56}},"36":{"start":{"line":367,"column":8},"end":{"line":367,"column":29}},"37":{"start":{"line":368,"column":8},"end":{"line":368,"column":35}},"38":{"start":{"line":369,"column":8},"end":{"line":369,"column":50}},"39":{"start":{"line":384,"column":8},"end":{"line":384,"column":74}},"40":{"start":{"line":386,"column":8},"end":{"line":386,"column":56}},"41":{"start":{"line":388,"column":8},"end":{"line":388,"column":51}},"42":{"start":{"line":389,"column":8},"end":{"line":389,"column":78}},"43":{"start":{"line":390,"column":8},"end":{"line":390,"column":51}},"44":{"start":{"line":391,"column":8},"end":{"line":391,"column":29}},"45":{"start":{"line":393,"column":8},"end":{"line":393,"column":50}},"46":{"start":{"line":410,"column":8},"end":{"line":410,"column":75}},"47":{"start":{"line":411,"column":8},"end":{"line":411,"column":75}},"48":{"start":{"line":413,"column":8},"end":{"line":413,"column":43}},"49":{"start":{"line":414,"column":8},"end":{"line":414,"column":45}},"50":{"start":{"line":449,"column":8},"end":{"line":449,"column":16482}},"51":{"start":{"line":450,"column":12},"end":{"line":450,"column":20}},"52":{"start":{"line":453,"column":8},"end":{"line":453,"column":27}},"53":{"start":{"line":454,"column":8},"end":{"line":454,"column":48}},"54":{"start":{"line":456,"column":8},"end":{"line":456,"column":16}},"55":{"start":{"line":463,"column":8},"end":{"line":463,"column":38}},"56":{"start":{"line":464,"column":8},"end":{"line":464,"column":27}},"57":{"start":{"line":467,"column":8},"end":{"line":467,"column":16}},"58":{"start":{"line":474,"column":8},"end":{"line":474,"column":45}},"59":{"start":{"line":475,"column":8},"end":{"line":475,"column":27}},"60":{"start":{"line":477,"column":8},"end":{"line":477,"column":16}},"61":{"start":{"line":484,"column":8},"end":{"line":484,"column":27}},"62":{"start":{"line":485,"column":8},"end":{"line":485,"column":43}},"63":{"start":{"line":487,"column":8},"end":{"line":487,"column":16}},"64":{"start":{"line":495,"column":8},"end":{"line":495,"column":38}},"65":{"start":{"line":496,"column":8},"end":{"line":496,"column":20}},"66":{"start":{"line":500,"column":8},"end":{"line":500,"column":32}},"67":{"start":{"line":535,"column":12},"end":{"line":535,"column":104}},"68":{"start":{"line":554,"column":8},"end":{"line":554,"column":65}},"69":{"start":{"line":555,"column":8},"end":{"line":555,"column":85}},"70":{"start":{"line":556,"column":8},"end":{"line":556,"column":50}},"71":{"start":{"line":557,"column":8},"end":{"line":557,"column":105}},"72":{"start":{"line":558,"column":8},"end":{"line":558,"column":45}},"73":{"start":{"line":559,"column":8},"end":{"line":559,"column":45}},"74":{"start":{"line":560,"column":8},"end":{"line":560,"column":55}},"75":{"start":{"line":561,"column":8},"end":{"line":561,"column":55}},"76":{"start":{"line":562,"column":8},"end":{"line":562,"column":144}},"77":{"start":{"line":573,"column":8},"end":{"line":573,"column":67}},"78":{"start":{"line":574,"column":8},"end":{"line":574,"column":31}},"79":{"start":{"line":575,"column":8},"end":{"line":575,"column":34}},"80":{"start":{"line":576,"column":8},"end":{"line":576,"column":39}},"81":{"start":{"line":577,"column":8},"end":{"line":577,"column":39}},"82":{"start":{"line":586,"column":8},"end":{"line":586,"column":54}},"83":{"start":{"line":594,"column":8},"end":{"line":594,"column":22718}},"84":{"start":{"line":595,"column":12},"end":{"line":595,"column":20}},"85":{"start":{"line":598,"column":8},"end":{"line":598,"column":126}},"86":{"start":{"line":599,"column":8},"end":{"line":599,"column":23024}},"87":{"start":{"line":600,"column":12},"end":{"line":600,"column":20}},"88":{"start":{"line":602,"column":8},"end":{"line":602,"column":59}},"89":{"start":{"line":616,"column":8},"end":{"line":616,"column":82}},"90":{"start":{"line":617,"column":8},"end":{"line":617,"column":69}},"91":{"start":{"line":619,"column":8},"end":{"line":619,"column":47}},"92":{"start":{"line":620,"column":8},"end":{"line":620,"column":144}},"93":{"start":{"line":635,"column":8},"end":{"line":635,"column":76}},"94":{"start":{"line":636,"column":8},"end":{"line":636,"column":69}},"95":{"start":{"line":638,"column":8},"end":{"line":638,"column":40}},"96":{"start":{"line":639,"column":8},"end":{"line":639,"column":144}},"97":{"start":{"line":658,"column":8},"end":{"line":658,"column":55}},"98":{"start":{"line":659,"column":8},"end":{"line":659,"column":69}},"99":{"start":{"line":660,"column":8},"end":{"line":660,"column":83}},"100":{"start":{"line":662,"column":8},"end":{"line":662,"column":79}},"101":{"start":{"line":663,"column":8},"end":{"line":663,"column":45}},"102":{"start":{"line":664,"column":8},"end":{"line":664,"column":144}}},"branchMap":{"1":{"line":280,"type":"if","locations":[{"start":{"line":280,"column":8},"end":{"line":280,"column":8}},{"start":{"line":280,"column":8},"end":{"line":280,"column":8}}]},"2":{"line":319,"type":"if","locations":[{"start":{"line":319,"column":8},"end":{"line":319,"column":8}},{"start":{"line":319,"column":8},"end":{"line":319,"column":8}}]},"3":{"line":340,"type":"if","locations":[{"start":{"line":340,"column":8},"end":{"line":340,"column":8}},{"start":{"line":340,"column":8},"end":{"line":340,"column":8}}]},"4":{"line":341,"type":"if","locations":[{"start":{"line":341,"column":8},"end":{"line":341,"column":8}},{"start":{"line":341,"column":8},"end":{"line":341,"column":8}}]},"5":{"line":346,"type":"if","locations":[{"start":{"line":346,"column":8},"end":{"line":346,"column":8}},{"start":{"line":346,"column":8},"end":{"line":346,"column":8}}]},"6":{"line":363,"type":"if","locations":[{"start":{"line":363,"column":8},"end":{"line":363,"column":8}},{"start":{"line":363,"column":8},"end":{"line":363,"column":8}}]},"7":{"line":384,"type":"if","locations":[{"start":{"line":384,"column":8},"end":{"line":384,"column":8}},{"start":{"line":384,"column":8},"end":{"line":384,"column":8}}]},"8":{"line":389,"type":"if","locations":[{"start":{"line":389,"column":8},"end":{"line":389,"column":8}},{"start":{"line":389,"column":8},"end":{"line":389,"column":8}}]},"9":{"line":410,"type":"if","locations":[{"start":{"line":410,"column":8},"end":{"line":410,"column":8}},{"start":{"line":410,"column":8},"end":{"line":410,"column":8}}]},"10":{"line":411,"type":"if","locations":[{"start":{"line":411,"column":8},"end":{"line":411,"column":8}},{"start":{"line":411,"column":8},"end":{"line":411,"column":8}}]},"11":{"line":449,"type":"if","locations":[{"start":{"line":449,"column":8},"end":{"line":449,"column":8}},{"start":{"line":449,"column":8},"end":{"line":449,"column":8}}]},"12":{"line":454,"type":"if","locations":[{"start":{"line":454,"column":8},"end":{"line":454,"column":8}},{"start":{"line":454,"column":8},"end":{"line":454,"column":8}}]},"13":{"line":463,"type":"if","locations":[{"start":{"line":463,"column":8},"end":{"line":463,"column":8}},{"start":{"line":463,"column":8},"end":{"line":463,"column":8}}]},"14":{"line":474,"type":"if","locations":[{"start":{"line":474,"column":8},"end":{"line":474,"column":8}},{"start":{"line":474,"column":8},"end":{"line":474,"column":8}}]},"15":{"line":485,"type":"if","locations":[{"start":{"line":485,"column":8},"end":{"line":485,"column":8}},{"start":{"line":485,"column":8},"end":{"line":485,"column":8}}]},"16":{"line":495,"type":"if","locations":[{"start":{"line":495,"column":8},"end":{"line":495,"column":8}},{"start":{"line":495,"column":8},"end":{"line":495,"column":8}}]},"17":{"line":535,"type":"if","locations":[{"start":{"line":535,"column":12},"end":{"line":535,"column":12}},{"start":{"line":535,"column":12},"end":{"line":535,"column":12}}]},"18":{"line":554,"type":"if","locations":[{"start":{"line":554,"column":8},"end":{"line":554,"column":8}},{"start":{"line":554,"column":8},"end":{"line":554,"column":8}}]},"19":{"line":555,"type":"if","locations":[{"start":{"line":555,"column":8},"end":{"line":555,"column":8}},{"start":{"line":555,"column":8},"end":{"line":555,"column":8}}]},"20":{"line":556,"type":"if","locations":[{"start":{"line":556,"column":8},"end":{"line":556,"column":8}},{"start":{"line":556,"column":8},"end":{"line":556,"column":8}}]},"21":{"line":557,"type":"if","locations":[{"start":{"line":557,"column":8},"end":{"line":557,"column":8}},{"start":{"line":557,"column":8},"end":{"line":557,"column":8}}]},"22":{"line":573,"type":"if","locations":[{"start":{"line":573,"column":8},"end":{"line":573,"column":8}},{"start":{"line":573,"column":8},"end":{"line":573,"column":8}}]},"23":{"line":594,"type":"if","locations":[{"start":{"line":594,"column":8},"end":{"line":594,"column":8}},{"start":{"line":594,"column":8},"end":{"line":594,"column":8}}]},"24":{"line":599,"type":"if","locations":[{"start":{"line":599,"column":8},"end":{"line":599,"column":8}},{"start":{"line":599,"column":8},"end":{"line":599,"column":8}}]},"25":{"line":616,"type":"if","locations":[{"start":{"line":616,"column":8},"end":{"line":616,"column":8}},{"start":{"line":616,"column":8},"end":{"line":616,"column":8}}]},"26":{"line":617,"type":"if","locations":[{"start":{"line":617,"column":8},"end":{"line":617,"column":8}},{"start":{"line":617,"column":8},"end":{"line":617,"column":8}}]},"27":{"line":635,"type":"if","locations":[{"start":{"line":635,"column":8},"end":{"line":635,"column":8}},{"start":{"line":635,"column":8},"end":{"line":635,"column":8}}]},"28":{"line":636,"type":"if","locations":[{"start":{"line":636,"column":8},"end":{"line":636,"column":8}},{"start":{"line":636,"column":8},"end":{"line":636,"column":8}}]},"29":{"line":658,"type":"if","locations":[{"start":{"line":658,"column":8},"end":{"line":658,"column":8}},{"start":{"line":658,"column":8},"end":{"line":658,"column":8}}]},"30":{"line":659,"type":"if","locations":[{"start":{"line":659,"column":8},"end":{"line":659,"column":8}},{"start":{"line":659,"column":8},"end":{"line":659,"column":8}}]},"31":{"line":660,"type":"if","locations":[{"start":{"line":660,"column":8},"end":{"line":660,"column":8}},{"start":{"line":660,"column":8},"end":{"line":660,"column":8}}]}}}}