{"contracts/fyfy-governance-token.sol":{"l":{"230":58,"279":56,"280":56,"287":1,"295":1,"312":1,"319":1,"326":94,"338":12,"339":7,"346":10,"357":17,"358":15,"375":17,"377":14,"378":14,"379":9,"381":9,"397":1,"398":1,"416":3,"417":3,"418":1,"420":1,"438":29,"439":28,"441":27,"443":21,"444":21,"445":21,"446":21,"448":21,"461":56,"463":56,"465":56,"466":56,"467":56,"485":28,"486":28,"488":26,"489":26,"514":56,"539":83,"558":34,"559":32,"560":30,"561":28,"562":24,"563":24,"564":24,"565":24,"566":24,"577":3,"578":1,"579":1,"580":1,"581":1,"590":41,"598":106,"599":54,"601":52,"602":52,"603":1,"605":51,"613":6,"631":8,"632":6,"634":2,"635":2,"637":2,"638":2,"654":6,"655":4,"657":2,"658":2,"660":2,"662":2,"681":8,"682":6,"683":4,"684":2,"685":2,"686":2},"path":"/Users/Documents/Fyfy/dao_code/governance-token-testing/governance-token/contracts/fyfy-governance-token.sol","s":{"1":58,"2":56,"3":56,"4":1,"5":1,"6":1,"7":1,"8":94,"9":12,"10":7,"11":10,"12":17,"13":15,"14":17,"15":14,"16":14,"17":9,"18":9,"19":1,"20":1,"21":3,"22":3,"23":1,"24":1,"25":29,"26":28,"27":27,"28":21,"29":21,"30":21,"31":21,"32":21,"33":56,"34":56,"35":56,"36":56,"37":56,"38":28,"39":28,"40":26,"41":26,"42":56,"43":83,"44":34,"45":32,"46":30,"47":28,"48":24,"49":24,"50":24,"51":24,"52":24,"53":3,"54":1,"55":1,"56":1,"57":1,"58":41,"59":106,"60":54,"61":52,"62":52,"63":1,"64":51,"65":6,"66":8,"67":6,"68":2,"69":2,"70":2,"71":2,"72":6,"73":4,"74":2,"75":2,"76":2,"77":2,"78":8,"79":6,"80":4,"81":2,"82":2,"83":2},"b":{"1":[9,5],"2":[1,2],"3":[28,1],"4":[27,1],"5":[21,0],"6":[56,0],"7":[28,0],"8":[26,2],"9":[77,6],"10":[32,2],"11":[30,2],"12":[28,2],"13":[24,4],"14":[1,2],"15":[54,52],"16":[1,51],"17":[6,2],"18":[2,4],"19":[4,2],"20":[2,2],"21":[6,2],"22":[4,2],"23":[2,2]},"f":{"1":58,"2":56,"3":1,"4":1,"5":1,"6":1,"7":94,"8":12,"9":10,"10":17,"11":17,"12":1,"13":3,"14":29,"15":56,"16":28,"17":0,"18":56,"19":83,"20":34,"21":3,"22":41,"23":106,"24":6,"25":8,"26":6,"27":8},"fnMap":{"1":{"name":"_msgSender","line":229,"loc":{"start":{"line":229,"column":4},"end":{"line":231,"column":4}}},"2":{"name":"constructor","line":278,"loc":{"start":{"line":278,"column":4},"end":{"line":281,"column":4}}},"3":{"name":"name","line":286,"loc":{"start":{"line":286,"column":4},"end":{"line":288,"column":4}}},"4":{"name":"symbol","line":294,"loc":{"start":{"line":294,"column":4},"end":{"line":296,"column":4}}},"5":{"name":"decimals","line":311,"loc":{"start":{"line":311,"column":4},"end":{"line":313,"column":4}}},"6":{"name":"totalSupply","line":318,"loc":{"start":{"line":318,"column":4},"end":{"line":320,"column":4}}},"7":{"name":"balanceOf","line":325,"loc":{"start":{"line":325,"column":4},"end":{"line":327,"column":4}}},"8":{"name":"transfer","line":337,"loc":{"start":{"line":337,"column":4},"end":{"line":340,"column":4}}},"9":{"name":"allowance","line":345,"loc":{"start":{"line":345,"column":4},"end":{"line":347,"column":4}}},"10":{"name":"approve","line":356,"loc":{"start":{"line":356,"column":4},"end":{"line":359,"column":4}}},"11":{"name":"transferFrom","line":374,"loc":{"start":{"line":374,"column":4},"end":{"line":382,"column":4}}},"12":{"name":"increaseAllowance","line":396,"loc":{"start":{"line":396,"column":4},"end":{"line":399,"column":4}}},"13":{"name":"decreaseAllowance","line":415,"loc":{"start":{"line":415,"column":4},"end":{"line":421,"column":4}}},"14":{"name":"_transfer","line":437,"loc":{"start":{"line":437,"column":4},"end":{"line":449,"column":4}}},"15":{"name":"_mint","line":460,"loc":{"start":{"line":460,"column":4},"end":{"line":468,"column":4}}},"16":{"name":"_approve","line":484,"loc":{"start":{"line":484,"column":4},"end":{"line":490,"column":4}}},"17":{"name":"_beforeTokenTransfer","line":506,"loc":{"start":{"line":506,"column":4},"end":{"line":506,"column":95}}},"18":{"name":"constructor","line":513,"loc":{"start":{"line":513,"column":4},"end":{"line":515,"column":4}}},"19":{"name":"_beforeTokenTransfer","line":538,"loc":{"start":{"line":538,"column":4},"end":{"line":540,"column":4}}},"20":{"name":"newTokenLock","line":557,"loc":{"start":{"line":557,"column":4},"end":{"line":567,"column":4}}},"21":{"name":"clearLock","line":576,"loc":{"start":{"line":576,"column":4},"end":{"line":582,"column":4}}},"22":{"name":"balanceUnlocked","line":588,"loc":{"start":{"line":588,"column":4},"end":{"line":592,"column":4}}},"23":{"name":"balanceLocked","line":597,"loc":{"start":{"line":597,"column":4},"end":{"line":607,"column":4}}},"24":{"name":"emitUpdateTokenLock","line":612,"loc":{"start":{"line":612,"column":4},"end":{"line":615,"column":4}}},"25":{"name":"decreaseUnlockAmount","line":630,"loc":{"start":{"line":630,"column":4},"end":{"line":640,"column":4}}},"26":{"name":"increaseUnlockTime","line":653,"loc":{"start":{"line":653,"column":4},"end":{"line":664,"column":4}}},"27":{"name":"increaseTokensLocked","line":680,"loc":{"start":{"line":680,"column":4},"end":{"line":687,"column":4}}}},"statementMap":{"1":{"start":{"line":230,"column":8},"end":{"line":230,"column":25}},"2":{"start":{"line":279,"column":8},"end":{"line":279,"column":20}},"3":{"start":{"line":280,"column":8},"end":{"line":280,"column":24}},"4":{"start":{"line":287,"column":8},"end":{"line":287,"column":20}},"5":{"start":{"line":295,"column":8},"end":{"line":295,"column":22}},"6":{"start":{"line":312,"column":8},"end":{"line":312,"column":17}},"7":{"start":{"line":319,"column":8},"end":{"line":319,"column":27}},"8":{"start":{"line":326,"column":8},"end":{"line":326,"column":33}},"9":{"start":{"line":338,"column":8},"end":{"line":338,"column":49}},"10":{"start":{"line":339,"column":8},"end":{"line":339,"column":19}},"11":{"start":{"line":346,"column":8},"end":{"line":346,"column":42}},"12":{"start":{"line":357,"column":8},"end":{"line":357,"column":46}},"13":{"start":{"line":358,"column":8},"end":{"line":358,"column":19}},"14":{"start":{"line":375,"column":8},"end":{"line":375,"column":43}},"15":{"start":{"line":377,"column":8},"end":{"line":377,"column":68}},"16":{"start":{"line":378,"column":8},"end":{"line":378,"column":86}},"17":{"start":{"line":379,"column":8},"end":{"line":379,"column":64}},"18":{"start":{"line":381,"column":8},"end":{"line":381,"column":19}},"19":{"start":{"line":397,"column":8},"end":{"line":397,"column":87}},"20":{"start":{"line":398,"column":8},"end":{"line":398,"column":19}},"21":{"start":{"line":416,"column":8},"end":{"line":416,"column":69}},"22":{"start":{"line":417,"column":8},"end":{"line":417,"column":92}},"23":{"start":{"line":418,"column":8},"end":{"line":418,"column":74}},"24":{"start":{"line":420,"column":8},"end":{"line":420,"column":19}},"25":{"start":{"line":438,"column":8},"end":{"line":438,"column":77}},"26":{"start":{"line":439,"column":8},"end":{"line":439,"column":78}},"27":{"start":{"line":441,"column":8},"end":{"line":441,"column":54}},"28":{"start":{"line":443,"column":8},"end":{"line":443,"column":49}},"29":{"start":{"line":444,"column":8},"end":{"line":444,"column":81}},"30":{"start":{"line":445,"column":8},"end":{"line":445,"column":49}},"31":{"start":{"line":446,"column":8},"end":{"line":446,"column":37}},"32":{"start":{"line":448,"column":8},"end":{"line":448,"column":48}},"33":{"start":{"line":461,"column":8},"end":{"line":461,"column":72}},"34":{"start":{"line":463,"column":8},"end":{"line":463,"column":56}},"35":{"start":{"line":465,"column":8},"end":{"line":465,"column":29}},"36":{"start":{"line":466,"column":8},"end":{"line":466,"column":35}},"37":{"start":{"line":467,"column":8},"end":{"line":467,"column":50}},"38":{"start":{"line":485,"column":8},"end":{"line":485,"column":75}},"39":{"start":{"line":486,"column":8},"end":{"line":486,"column":75}},"40":{"start":{"line":488,"column":8},"end":{"line":488,"column":43}},"41":{"start":{"line":489,"column":8},"end":{"line":489,"column":45}},"42":{"start":{"line":514,"column":8},"end":{"line":514,"column":32}},"43":{"start":{"line":539,"column":12},"end":{"line":539,"column":104}},"44":{"start":{"line":558,"column":8},"end":{"line":558,"column":65}},"45":{"start":{"line":559,"column":8},"end":{"line":559,"column":85}},"46":{"start":{"line":560,"column":8},"end":{"line":560,"column":50}},"47":{"start":{"line":561,"column":8},"end":{"line":561,"column":105}},"48":{"start":{"line":562,"column":8},"end":{"line":562,"column":45}},"49":{"start":{"line":563,"column":8},"end":{"line":563,"column":45}},"50":{"start":{"line":564,"column":8},"end":{"line":564,"column":55}},"51":{"start":{"line":565,"column":8},"end":{"line":565,"column":55}},"52":{"start":{"line":566,"column":8},"end":{"line":566,"column":144}},"53":{"start":{"line":577,"column":8},"end":{"line":577,"column":67}},"54":{"start":{"line":578,"column":8},"end":{"line":578,"column":31}},"55":{"start":{"line":579,"column":8},"end":{"line":579,"column":34}},"56":{"start":{"line":580,"column":8},"end":{"line":580,"column":39}},"57":{"start":{"line":581,"column":8},"end":{"line":581,"column":39}},"58":{"start":{"line":590,"column":8},"end":{"line":590,"column":51}},"59":{"start":{"line":598,"column":8},"end":{"line":598,"column":23343}},"60":{"start":{"line":599,"column":12},"end":{"line":599,"column":20}},"61":{"start":{"line":601,"column":8},"end":{"line":601,"column":111}},"62":{"start":{"line":602,"column":8},"end":{"line":602,"column":23528}},"63":{"start":{"line":603,"column":12},"end":{"line":603,"column":20}},"64":{"start":{"line":605,"column":8},"end":{"line":605,"column":54}},"65":{"start":{"line":613,"column":8},"end":{"line":613,"column":147}},"66":{"start":{"line":631,"column":8},"end":{"line":631,"column":69}},"67":{"start":{"line":632,"column":8},"end":{"line":632,"column":116}},"68":{"start":{"line":634,"column":8},"end":{"line":634,"column":63}},"69":{"start":{"line":635,"column":8},"end":{"line":635,"column":45}},"70":{"start":{"line":637,"column":8},"end":{"line":637,"column":85}},"71":{"start":{"line":638,"column":8},"end":{"line":638,"column":28}},"72":{"start":{"line":654,"column":8},"end":{"line":654,"column":57}},"73":{"start":{"line":655,"column":8},"end":{"line":655,"column":69}},"74":{"start":{"line":657,"column":8},"end":{"line":657,"column":63}},"75":{"start":{"line":658,"column":8},"end":{"line":658,"column":45}},"76":{"start":{"line":660,"column":8},"end":{"line":660,"column":70}},"77":{"start":{"line":662,"column":8},"end":{"line":662,"column":28}},"78":{"start":{"line":681,"column":8},"end":{"line":681,"column":56}},"79":{"start":{"line":682,"column":8},"end":{"line":682,"column":69}},"80":{"start":{"line":683,"column":8},"end":{"line":683,"column":84}},"81":{"start":{"line":684,"column":8},"end":{"line":684,"column":77}},"82":{"start":{"line":685,"column":8},"end":{"line":685,"column":45}},"83":{"start":{"line":686,"column":8},"end":{"line":686,"column":28}}},"branchMap":{"1":{"line":378,"type":"if","locations":[{"start":{"line":378,"column":8},"end":{"line":378,"column":8}},{"start":{"line":378,"column":8},"end":{"line":378,"column":8}}]},"2":{"line":417,"type":"if","locations":[{"start":{"line":417,"column":8},"end":{"line":417,"column":8}},{"start":{"line":417,"column":8},"end":{"line":417,"column":8}}]},"3":{"line":438,"type":"if","locations":[{"start":{"line":438,"column":8},"end":{"line":438,"column":8}},{"start":{"line":438,"column":8},"end":{"line":438,"column":8}}]},"4":{"line":439,"type":"if","locations":[{"start":{"line":439,"column":8},"end":{"line":439,"column":8}},{"start":{"line":439,"column":8},"end":{"line":439,"column":8}}]},"5":{"line":444,"type":"if","locations":[{"start":{"line":444,"column":8},"end":{"line":444,"column":8}},{"start":{"line":444,"column":8},"end":{"line":444,"column":8}}]},"6":{"line":461,"type":"if","locations":[{"start":{"line":461,"column":8},"end":{"line":461,"column":8}},{"start":{"line":461,"column":8},"end":{"line":461,"column":8}}]},"7":{"line":485,"type":"if","locations":[{"start":{"line":485,"column":8},"end":{"line":485,"column":8}},{"start":{"line":485,"column":8},"end":{"line":485,"column":8}}]},"8":{"line":486,"type":"if","locations":[{"start":{"line":486,"column":8},"end":{"line":486,"column":8}},{"start":{"line":486,"column":8},"end":{"line":486,"column":8}}]},"9":{"line":539,"type":"if","locations":[{"start":{"line":539,"column":12},"end":{"line":539,"column":12}},{"start":{"line":539,"column":12},"end":{"line":539,"column":12}}]},"10":{"line":558,"type":"if","locations":[{"start":{"line":558,"column":8},"end":{"line":558,"column":8}},{"start":{"line":558,"column":8},"end":{"line":558,"column":8}}]},"11":{"line":559,"type":"if","locations":[{"start":{"line":559,"column":8},"end":{"line":559,"column":8}},{"start":{"line":559,"column":8},"end":{"line":559,"column":8}}]},"12":{"line":560,"type":"if","locations":[{"start":{"line":560,"column":8},"end":{"line":560,"column":8}},{"start":{"line":560,"column":8},"end":{"line":560,"column":8}}]},"13":{"line":561,"type":"if","locations":[{"start":{"line":561,"column":8},"end":{"line":561,"column":8}},{"start":{"line":561,"column":8},"end":{"line":561,"column":8}}]},"14":{"line":577,"type":"if","locations":[{"start":{"line":577,"column":8},"end":{"line":577,"column":8}},{"start":{"line":577,"column":8},"end":{"line":577,"column":8}}]},"15":{"line":598,"type":"if","locations":[{"start":{"line":598,"column":8},"end":{"line":598,"column":8}},{"start":{"line":598,"column":8},"end":{"line":598,"column":8}}]},"16":{"line":602,"type":"if","locations":[{"start":{"line":602,"column":8},"end":{"line":602,"column":8}},{"start":{"line":602,"column":8},"end":{"line":602,"column":8}}]},"17":{"line":631,"type":"if","locations":[{"start":{"line":631,"column":8},"end":{"line":631,"column":8}},{"start":{"line":631,"column":8},"end":{"line":631,"column":8}}]},"18":{"line":632,"type":"if","locations":[{"start":{"line":632,"column":8},"end":{"line":632,"column":8}},{"start":{"line":632,"column":8},"end":{"line":632,"column":8}}]},"19":{"line":654,"type":"if","locations":[{"start":{"line":654,"column":8},"end":{"line":654,"column":8}},{"start":{"line":654,"column":8},"end":{"line":654,"column":8}}]},"20":{"line":655,"type":"if","locations":[{"start":{"line":655,"column":8},"end":{"line":655,"column":8}},{"start":{"line":655,"column":8},"end":{"line":655,"column":8}}]},"21":{"line":681,"type":"if","locations":[{"start":{"line":681,"column":8},"end":{"line":681,"column":8}},{"start":{"line":681,"column":8},"end":{"line":681,"column":8}}]},"22":{"line":682,"type":"if","locations":[{"start":{"line":682,"column":8},"end":{"line":682,"column":8}},{"start":{"line":682,"column":8},"end":{"line":682,"column":8}}]},"23":{"line":683,"type":"if","locations":[{"start":{"line":683,"column":8},"end":{"line":683,"column":8}},{"start":{"line":683,"column":8},"end":{"line":683,"column":8}}]}}}}