{
"contracts/opendefi-governance-token.sol":{"l":{"128":58,"177":52,"178":52,"185":1,"193":1,"210":1,"217":1,"224":89,"236":12,"237":7,"244":10,"255":17,"256":15,"273":17,"275":14,"276":14,"277":9,"279":9,"295":1,"296":1,"314":3,"315":3,"316":1,"318":1,"336":29,"337":28,"339":27,"341":21,"342":21,"343":21,"344":21,"346":21,"359":52,"361":52,"363":52,"364":52,"365":52,"383":28,"384":28,"386":26,"387":26,"412":52,"455":79,"474":30,"475":28,"476":26,"477":24,"478":20,"479":20,"480":20,"481":20,"482":20,"493":3,"494":1,"495":1,"496":1,"497":1,"506":40,"514":95,"515":50,"517":45,"518":45,"519":1,"521":44,"529":3,"547":7,"548":5,"550":1,"551":1,"553":1,"554":1,"570":5,"571":3,"573":1,"574":1,"576":1,"578":1,"597":7,"598":5,"599":3,"600":1,"601":1,"602":1},"path":"/Users/gares/Documents/OpenDefi/dao_code/governance-token-testing/governance-token/contracts/opendefi-governance-token.sol","s":{"1":58,"2":52,"3":52,"4":1,"5":1,"6":1,"7":1,"8":89,"9":12,"10":7,"11":10,"12":17,"13":15,"14":17,"15":14,"16":14,"17":9,"18":9,"19":1,"20":1,"21":3,"22":3,"23":1,"24":1,"25":29,"26":28,"27":27,"28":21,"29":21,"30":21,"31":21,"32":21,"33":52,"34":52,"35":52,"36":52,"37":52,"38":28,"39":28,"40":26,"41":26,"42":52,"43":79,"44":30,"45":28,"46":26,"47":24,"48":20,"49":20,"50":20,"51":20,"52":20,"53":3,"54":1,"55":1,"56":1,"57":1,"58":40,"59":95,"60":50,"61":45,"62":45,"63":1,"64":44,"65":3,"66":7,"67":5,"68":1,"69":1,"70":1,"71":1,"72":5,"73":3,"74":1,"75":1,"76":1,"77":1,"78":7,"79":5,"80":3,"81":1,"82":1,"83":1},"b":{"1":[9,5],"2":[1,2],"3":[28,1],"4":[27,1],"5":[21,0],"6":[52,0],"7":[28,0],"8":[26,2],"9":[73,6],"10":[28,2],"11":[26,2],"12":[24,2],"13":[20,4],"14":[1,2],"15":[50,45],"16":[1,44],"17":[5,2],"18":[1,4],"19":[3,2],"20":[1,2],"21":[5,2],"22":[3,2],"23":[1,2]},"f":{"1":58,"2":52,"3":1,"4":1,"5":1,"6":1,"7":89,"8":12,"9":10,"10":17,"11":17,"12":1,"13":3,"14":29,"15":52,"16":28,"17":0,"18":52,"19":79,"20":30,"21":3,"22":40,"23":95,"24":3,"25":7,"26":5,"27":7},"fnMap":{"1":{"name":"_msgSender","line":127,"loc":{"start":{"line":127,"column":4},"end":{"line":129,"column":4}}},"2":{"name":"constructor","line":176,"loc":{"start":{"line":176,"column":4},"end":{"line":179,"column":4}}},"3":{"name":"name","line":184,"loc":{"start":{"line":184,"column":4},"end":{"line":186,"column":4}}},"4":{"name":"symbol","line":192,"loc":{"start":{"line":192,"column":4},"end":{"line":194,"column":4}}},"5":{"name":"decimals","line":209,"loc":{"start":{"line":209,"column":4},"end":{"line":211,"column":4}}},"6":{"name":"totalSupply","line":216,"loc":{"start":{"line":216,"column":4},"end":{"line":218,"column":4}}},"7":{"name":"balanceOf","line":223,"loc":{"start":{"line":223,"column":4},"end":{"line":225,"column":4}}},"8":{"name":"transfer","line":235,"loc":{"start":{"line":235,"column":4},"end":{"line":238,"column":4}}},"9":{"name":"allowance","line":243,"loc":{"start":{"line":243,"column":4},"end":{"line":245,"column":4}}},"10":{"name":"approve","line":254,"loc":{"start":{"line":254,"column":4},"end":{"line":257,"column":4}}},"11":{"name":"transferFrom","line":272,"loc":{"start":{"line":272,"column":4},"end":{"line":280,"column":4}}},"12":{"name":"increaseAllowance","line":294,"loc":{"start":{"line":294,"column":4},"end":{"line":297,"column":4}}},"13":{"name":"decreaseAllowance","line":313,"loc":{"start":{"line":313,"column":4},"end":{"line":319,"column":4}}},"14":{"name":"_transfer","line":335,"loc":{"start":{"line":335,"column":4},"end":{"line":347,"column":4}}},"15":{"name":"_mint","line":358,"loc":{"start":{"line":358,"column":4},"end":{"line":366,"column":4}}},"16":{"name":"_approve","line":382,"loc":{"start":{"line":382,"column":4},"end":{"line":388,"column":4}}},"17":{"name":"_beforeTokenTransfer","line":404,"loc":{"start":{"line":404,"column":4},"end":{"line":404,"column":95}}},"18":{"name":"constructor","line":411,"loc":{"start":{"line":411,"column":4},"end":{"line":413,"column":4}}},"19":{"name":"_beforeTokenTransfer","line":454,"loc":{"start":{"line":454,"column":4},"end":{"line":456,"column":4}}},"20":{"name":"newTokenLock","line":473,"loc":{"start":{"line":473,"column":4},"end":{"line":483,"column":4}}},"21":{"name":"clearLock","line":492,"loc":{"start":{"line":492,"column":4},"end":{"line":498,"column":4}}},"22":{"name":"balanceUnlocked","line":504,"loc":{"start":{"line":504,"column":4},"end":{"line":508,"column":4}}},"23":{"name":"balanceLocked","line":513,"loc":{"start":{"line":513,"column":4},"end":{"line":523,"column":4}}},"24":{"name":"emitUpdateTokenLock","line":528,"loc":{"start":{"line":528,"column":4},"end":{"line":531,"column":4}}},"25":{"name":"decreaseUnlockAmount","line":546,"loc":{"start":{"line":546,"column":4},"end":{"line":556,"column":4}}},"26":{"name":"increaseUnlockTime","line":569,"loc":{"start":{"line":569,"column":4},"end":{"line":580,"column":4}}},"27":{"name":"increaseTokensLocked","line":596,"loc":{"start":{"line":596,"column":4},"end":{"line":603,"column":4}}}},"statementMap":{"1":{"start":{"line":128,"column":8},"end":{"line":128,"column":25}},"2":{"start":{"line":177,"column":8},"end":{"line":177,"column":20}},"3":{"start":{"line":178,"column":8},"end":{"line":178,"column":24}},"4":{"start":{"line":185,"column":8},"end":{"line":185,"column":20}},"5":{"start":{"line":193,"column":8},"end":{"line":193,"column":22}},"6":{"start":{"line":210,"column":8},"end":{"line":210,"column":17}},"7":{"start":{"line":217,"column":8},"end":{"line":217,"column":27}},"8":{"start":{"line":224,"column":8},"end":{"line":224,"column":33}},"9":{"start":{"line":236,"column":8},"end":{"line":236,"column":49}},"10":{"start":{"line":237,"column":8},"end":{"line":237,"column":19}},"11":{"start":{"line":244,"column":8},"end":{"line":244,"column":42}},"12":{"start":{"line":255,"column":8},"end":{"line":255,"column":46}},"13":{"start":{"line":256,"column":8},"end":{"line":256,"column":19}},"14":{"start":{"line":273,"column":8},"end":{"line":273,"column":43}},"15":{"start":{"line":275,"column":8},"end":{"line":275,"column":68}},"16":{"start":{"line":276,"column":8},"end":{"line":276,"column":86}},"17":{"start":{"line":277,"column":8},"end":{"line":277,"column":64}},"18":{"start":{"line":279,"column":8},"end":{"line":279,"column":19}},"19":{"start":{"line":295,"column":8},"end":{"line":295,"column":87}},"20":{"start":{"line":296,"column":8},"end":{"line":296,"column":19}},"21":{"start":{"line":314,"column":8},"end":{"line":314,"column":69}},"22":{"start":{"line":315,"column":8},"end":{"line":315,"column":92}},"23":{"start":{"line":316,"column":8},"end":{"line":316,"column":74}},"24":{"start":{"line":318,"column":8},"end":{"line":318,"column":19}},"25":{"start":{"line":336,"column":8},"end":{"line":336,"column":77}},"26":{"start":{"line":337,"column":8},"end":{"line":337,"column":78}},"27":{"start":{"line":339,"column":8},"end":{"line":339,"column":54}},"28":{"start":{"line":341,"column":8},"end":{"line":341,"column":49}},"29":{"start":{"line":342,"column":8},"end":{"line":342,"column":81}},"30":{"start":{"line":343,"column":8},"end":{"line":343,"column":49}},"31":{"start":{"line":344,"column":8},"end":{"line":344,"column":37}},"32":{"start":{"line":346,"column":8},"end":{"line":346,"column":48}},"33":{"start":{"line":359,"column":8},"end":{"line":359,"column":72}},"34":{"start":{"line":361,"column":8},"end":{"line":361,"column":56}},"35":{"start":{"line":363,"column":8},"end":{"line":363,"column":29}},"36":{"start":{"line":364,"column":8},"end":{"line":364,"column":35}},"37":{"start":{"line":365,"column":8},"end":{"line":365,"column":50}},"38":{"start":{"line":383,"column":8},"end":{"line":383,"column":75}},"39":{"start":{"line":384,"column":8},"end":{"line":384,"column":75}},"40":{"start":{"line":386,"column":8},"end":{"line":386,"column":43}},"41":{"start":{"line":387,"column":8},"end":{"line":387,"column":45}},"42":{"start":{"line":412,"column":8},"end":{"line":412,"column":32}},"43":{"start":{"line":455,"column":12},"end":{"line":455,"column":104}},"44":{"start":{"line":474,"column":8},"end":{"line":474,"column":65}},"45":{"start":{"line":475,"column":8},"end":{"line":475,"column":85}},"46":{"start":{"line":476,"column":8},"end":{"line":476,"column":50}},"47":{"start":{"line":477,"column":8},"end":{"line":477,"column":105}},"48":{"start":{"line":478,"column":8},"end":{"line":478,"column":45}},"49":{"start":{"line":479,"column":8},"end":{"line":479,"column":45}},"50":{"start":{"line":480,"column":8},"end":{"line":480,"column":55}},"51":{"start":{"line":481,"column":8},"end":{"line":481,"column":55}},"52":{"start":{"line":482,"column":8},"end":{"line":482,"column":144}},"53":{"start":{"line":493,"column":8},"end":{"line":493,"column":67}},"54":{"start":{"line":494,"column":8},"end":{"line":494,"column":31}},"55":{"start":{"line":495,"column":8},"end":{"line":495,"column":34}},"56":{"start":{"line":496,"column":8},"end":{"line":496,"column":39}},"57":{"start":{"line":497,"column":8},"end":{"line":497,"column":39}},"58":{"start":{"line":506,"column":8},"end":{"line":506,"column":51}},"59":{"start":{"line":514,"column":8},"end":{"line":514,"column":20123}},"60":{"start":{"line":515,"column":12},"end":{"line":515,"column":20}},"61":{"start":{"line":517,"column":8},"end":{"line":517,"column":111}},"62":{"start":{"line":518,"column":8},"end":{"line":518,"column":20308}},"63":{"start":{"line":519,"column":12},"end":{"line":519,"column":20}},"64":{"start":{"line":521,"column":8},"end":{"line":521,"column":54}},"65":{"start":{"line":529,"column":8},"end":{"line":529,"column":147}},"66":{"start":{"line":547,"column":8},"end":{"line":547,"column":69}},"67":{"start":{"line":548,"column":8},"end":{"line":548,"column":116}},"68":{"start":{"line":550,"column":8},"end":{"line":550,"column":63}},"69":{"start":{"line":551,"column":8},"end":{"line":551,"column":45}},"70":{"start":{"line":553,"column":8},"end":{"line":553,"column":85}},"71":{"start":{"line":554,"column":8},"end":{"line":554,"column":28}},"72":{"start":{"line":570,"column":8},"end":{"line":570,"column":57}},"73":{"start":{"line":571,"column":8},"end":{"line":571,"column":69}},"74":{"start":{"line":573,"column":8},"end":{"line":573,"column":63}},"75":{"start":{"line":574,"column":8},"end":{"line":574,"column":45}},"76":{"start":{"line":576,"column":8},"end":{"line":576,"column":70}},"77":{"start":{"line":578,"column":8},"end":{"line":578,"column":28}},"78":{"start":{"line":597,"column":8},"end":{"line":597,"column":56}},"79":{"start":{"line":598,"column":8},"end":{"line":598,"column":69}},"80":{"start":{"line":599,"column":8},"end":{"line":599,"column":84}},"81":{"start":{"line":600,"column":8},"end":{"line":600,"column":77}},"82":{"start":{"line":601,"column":8},"end":{"line":601,"column":45}},"83":{"start":{"line":602,"column":8},"end":{"line":602,"column":28}}},"branchMap":{"1":{"line":276,"type":"if","locations":[{"start":{"line":276,"column":8},"end":{"line":276,"column":8}},{"start":{"line":276,"column":8},"end":{"line":276,"column":8}}]},"2":{"line":315,"type":"if","locations":[{"start":{"line":315,"column":8},"end":{"line":315,"column":8}},{"start":{"line":315,"column":8},"end":{"line":315,"column":8}}]},"3":{"line":336,"type":"if","locations":[{"start":{"line":336,"column":8},"end":{"line":336,"column":8}},{"start":{"line":336,"column":8},"end":{"line":336,"column":8}}]},"4":{"line":337,"type":"if","locations":[{"start":{"line":337,"column":8},"end":{"line":337,"column":8}},{"start":{"line":337,"column":8},"end":{"line":337,"column":8}}]},"5":{"line":342,"type":"if","locations":[{"start":{"line":342,"column":8},"end":{"line":342,"column":8}},{"start":{"line":342,"column":8},"end":{"line":342,"column":8}}]},"6":{"line":359,"type":"if","locations":[{"start":{"line":359,"column":8},"end":{"line":359,"column":8}},{"start":{"line":359,"column":8},"end":{"line":359,"column":8}}]},"7":{"line":383,"type":"if","locations":[{"start":{"line":383,"column":8},"end":{"line":383,"column":8}},{"start":{"line":383,"column":8},"end":{"line":383,"column":8}}]},"8":{"line":384,"type":"if","locations":[{"start":{"line":384,"column":8},"end":{"line":384,"column":8}},{"start":{"line":384,"column":8},"end":{"line":384,"column":8}}]},"9":{"line":455,"type":"if","locations":[{"start":{"line":455,"column":12},"end":{"line":455,"column":12}},{"start":{"line":455,"column":12},"end":{"line":455,"column":12}}]},"10":{"line":474,"type":"if","locations":[{"start":{"line":474,"column":8},"end":{"line":474,"column":8}},{"start":{"line":474,"column":8},"end":{"line":474,"column":8}}]},"11":{"line":475,"type":"if","locations":[{"start":{"line":475,"column":8},"end":{"line":475,"column":8}},{"start":{"line":475,"column":8},"end":{"line":475,"column":8}}]},"12":{"line":476,"type":"if","locations":[{"start":{"line":476,"column":8},"end":{"line":476,"column":8}},{"start":{"line":476,"column":8},"end":{"line":476,"column":8}}]},"13":{"line":477,"type":"if","locations":[{"start":{"line":477,"column":8},"end":{"line":477,"column":8}},{"start":{"line":477,"column":8},"end":{"line":477,"column":8}}]},"14":{"line":493,"type":"if","locations":[{"start":{"line":493,"column":8},"end":{"line":493,"column":8}},{"start":{"line":493,"column":8},"end":{"line":493,"column":8}}]},"15":{"line":514,"type":"if","locations":[{"start":{"line":514,"column":8},"end":{"line":514,"column":8}},{"start":{"line":514,"column":8},"end":{"line":514,"column":8}}]},"16":{"line":518,"type":"if","locations":[{"start":{"line":518,"column":8},"end":{"line":518,"column":8}},{"start":{"line":518,"column":8},"end":{"line":518,"column":8}}]},"17":{"line":547,"type":"if","locations":[{"start":{"line":547,"column":8},"end":{"line":547,"column":8}},{"start":{"line":547,"column":8},"end":{"line":547,"column":8}}]},"18":{"line":548,"type":"if","locations":[{"start":{"line":548,"column":8},"end":{"line":548,"column":8}},{"start":{"line":548,"column":8},"end":{"line":548,"column":8}}]},"19":{"line":570,"type":"if","locations":[{"start":{"line":570,"column":8},"end":{"line":570,"column":8}},{"start":{"line":570,"column":8},"end":{"line":570,"column":8}}]},"20":{"line":571,"type":"if","locations":[{"start":{"line":571,"column":8},"end":{"line":571,"column":8}},{"start":{"line":571,"column":8},"end":{"line":571,"column":8}}]},"21":{"line":597,"type":"if","locations":[{"start":{"line":597,"column":8},"end":{"line":597,"column":8}},{"start":{"line":597,"column":8},"end":{"line":597,"column":8}}]},"22":{"line":598,"type":"if","locations":[{"start":{"line":598,"column":8},"end":{"line":598,"column":8}},{"start":{"line":598,"column":8},"end":{"line":598,"column":8}}]},"23":{"line":599,"type":"if","locations":[{"start":{"line":599,"column":8},"end":{"line":599,"column":8}},{"start":{"line":599,"column":8},"end":{"line":599,"column":8}}]}}}}
