TN:
SF:/Users/zilanouyang/Downloads/governance-token/contracts/opendefi-governance-token.sol
FN:127,_msgSender
FN:131,_msgData
FN:180,constructor
FN:188,name
FN:196,symbol
FN:213,decimals
FN:220,totalSupply
FN:227,balanceOf
FN:239,transfer
FN:247,allowance
FN:258,approve
FN:276,transferFrom
FN:298,increaseAllowance
FN:317,decreaseAllowance
FN:339,_transfer
FN:362,_mint
FN:383,_burn
FN:409,_approve
FN:431,_beforeTokenTransfer
FN:445,mul
FN:462,div
FN:473,sub
FN:483,add
FN:494,mod
FN:499,constructor
FN:534,_beforeTokenTransfer
FN:553,newTokenLock
FN:572,clearLock
FN:584,balanceUnlocked
FN:593,balanceLocked
FN:615,reduceUnlockAmountTo
FN:634,increaseUnlockTime
FN:657,increaseTokensLocked
FNF:33
FNH:17
FNDA:31,_msgSender
FNDA:0,_msgData
FNDA:17,constructor
FNDA:1,name
FNDA:1,symbol
FNDA:0,decimals
FNDA:0,totalSupply
FNDA:33,balanceOf
FNDA:5,transfer
FNDA:10,allowance
FNDA:9,approve
FNDA:10,transferFrom
FNDA:0,increaseAllowance
FNDA:0,decreaseAllowance
FNDA:15,_transfer
FNDA:17,_mint
FNDA:0,_burn
FNDA:16,_approve
FNDA:0,_beforeTokenTransfer
FNDA:0,mul
FNDA:0,div
FNDA:15,sub
FNDA:0,add
FNDA:0,mod
FNDA:17,constructor
FNDA:32,_beforeTokenTransfer
FNDA:0,newTokenLock
FNDA:0,clearLock
FNDA:15,balanceUnlocked
FNDA:15,balanceLocked
FNDA:0,reduceUnlockAmountTo
FNDA:0,increaseUnlockTime
FNDA:0,increaseTokensLocked
DA:128,31
DA:132,0
DA:133,0
DA:181,17
DA:182,17
DA:189,1
DA:197,1
DA:214,0
DA:221,0
DA:228,33
DA:240,5
DA:241,4
DA:248,10
DA:259,9
DA:260,9
DA:277,10
DA:279,10
DA:280,10
DA:281,7
DA:283,7
DA:299,0
DA:300,0
DA:318,0
DA:319,0
DA:320,0
DA:322,0
DA:340,15
DA:341,15
DA:343,15
DA:345,14
DA:346,14
DA:347,14
DA:348,14
DA:350,14
DA:363,17
DA:365,17
DA:367,17
DA:368,17
DA:369,17
DA:384,0
DA:386,0
DA:388,0
DA:389,0
DA:390,0
DA:391,0
DA:393,0
DA:410,16
DA:411,16
DA:413,16
DA:414,16
DA:449,0
DA:450,0
DA:453,0
DA:454,0
DA:456,0
DA:463,0
DA:464,0
DA:467,0
DA:474,15
DA:475,15
DA:477,15
DA:484,0
DA:485,0
DA:487,0
DA:495,0
DA:496,0
DA:500,17
DA:535,32
DA:554,0
DA:555,0
DA:556,0
DA:557,0
DA:558,0
DA:559,0
DA:560,0
DA:561,0
DA:562,0
DA:573,0
DA:574,0
DA:575,0
DA:576,0
DA:577,0
DA:586,15
DA:594,15
DA:595,15
DA:598,0
DA:599,0
DA:600,0
DA:602,0
DA:616,0
DA:617,0
DA:619,0
DA:620,0
DA:635,0
DA:636,0
DA:638,0
DA:639,0
DA:658,0
DA:659,0
DA:660,0
DA:662,0
DA:663,0
DA:664,0
LF:103
LH:41
BRDA:280,1,0,7
BRDA:280,1,1,3
BRDA:319,2,0,0
BRDA:319,2,1,0
BRDA:340,3,0,15
BRDA:340,3,1,0
BRDA:341,4,0,15
BRDA:341,4,1,0
BRDA:346,5,0,14
BRDA:346,5,1,0
BRDA:363,6,0,17
BRDA:363,6,1,0
BRDA:384,7,0,0
BRDA:384,7,1,0
BRDA:389,8,0,0
BRDA:389,8,1,0
BRDA:410,9,0,16
BRDA:410,9,1,0
BRDA:411,10,0,16
BRDA:411,10,1,0
BRDA:449,11,0,0
BRDA:449,11,1,0
BRDA:454,12,0,0
BRDA:454,12,1,0
BRDA:463,13,0,0
BRDA:463,13,1,0
BRDA:474,14,0,15
BRDA:474,14,1,0
BRDA:485,15,0,0
BRDA:485,15,1,0
BRDA:495,16,0,0
BRDA:495,16,1,0
BRDA:535,17,0,31
BRDA:535,17,1,1
BRDA:554,18,0,0
BRDA:554,18,1,0
BRDA:555,19,0,0
BRDA:555,19,1,0
BRDA:556,20,0,0
BRDA:556,20,1,0
BRDA:557,21,0,0
BRDA:557,21,1,0
BRDA:573,22,0,0
BRDA:573,22,1,0
BRDA:594,23,0,15
BRDA:594,23,1,0
BRDA:599,24,0,0
BRDA:599,24,1,0
BRDA:616,25,0,0
BRDA:616,25,1,0
BRDA:617,26,0,0
BRDA:617,26,1,0
BRDA:635,27,0,0
BRDA:635,27,1,0
BRDA:636,28,0,0
BRDA:636,28,1,0
BRDA:658,29,0,0
BRDA:658,29,1,0
BRDA:659,30,0,0
BRDA:659,30,1,0
BRDA:660,31,0,0
BRDA:660,31,1,0
BRF:62
BRH:12
end_of_record
