TN:
SF:/Users/Documents/Fyfy/dao_code/governance-token-testing/governance-token/contracts/fyfy-governance-token.sol
FN:229,_msgSender
FN:278,constructor
FN:286,name
FN:294,symbol
FN:311,decimals
FN:318,totalSupply
FN:325,balanceOf
FN:337,transfer
FN:345,allowance
FN:356,approve
FN:374,transferFrom
FN:396,increaseAllowance
FN:415,decreaseAllowance
FN:437,_transfer
FN:460,_mint
FN:484,_approve
FN:506,_beforeTokenTransfer
FN:513,constructor
FN:538,_beforeTokenTransfer
FN:557,newTokenLock
FN:576,clearLock
FN:588,balanceUnlocked
FN:597,balanceLocked
FN:612,emitUpdateTokenLock
FN:630,decreaseUnlockAmount
FN:653,increaseUnlockTime
FN:680,increaseTokensLocked
FNF:27
FNH:26
FNDA:58,_msgSender
FNDA:56,constructor
FNDA:1,name
FNDA:1,symbol
FNDA:1,decimals
FNDA:1,totalSupply
FNDA:94,balanceOf
FNDA:12,transfer
FNDA:10,allowance
FNDA:17,approve
FNDA:17,transferFrom
FNDA:1,increaseAllowance
FNDA:3,decreaseAllowance
FNDA:29,_transfer
FNDA:56,_mint
FNDA:28,_approve
FNDA:0,_beforeTokenTransfer
FNDA:56,constructor
FNDA:83,_beforeTokenTransfer
FNDA:34,newTokenLock
FNDA:3,clearLock
FNDA:41,balanceUnlocked
FNDA:106,balanceLocked
FNDA:6,emitUpdateTokenLock
FNDA:8,decreaseUnlockAmount
FNDA:6,increaseUnlockTime
FNDA:8,increaseTokensLocked
DA:230,58
DA:279,56
DA:280,56
DA:287,1
DA:295,1
DA:312,1
DA:319,1
DA:326,94
DA:338,12
DA:339,7
DA:346,10
DA:357,17
DA:358,15
DA:375,17
DA:377,14
DA:378,14
DA:379,9
DA:381,9
DA:397,1
DA:398,1
DA:416,3
DA:417,3
DA:418,1
DA:420,1
DA:438,29
DA:439,28
DA:441,27
DA:443,21
DA:444,21
DA:445,21
DA:446,21
DA:448,21
DA:461,56
DA:463,56
DA:465,56
DA:466,56
DA:467,56
DA:485,28
DA:486,28
DA:488,26
DA:489,26
DA:514,56
DA:539,83
DA:558,34
DA:559,32
DA:560,30
DA:561,28
DA:562,24
DA:563,24
DA:564,24
DA:565,24
DA:566,24
DA:577,3
DA:578,1
DA:579,1
DA:580,1
DA:581,1
DA:590,41
DA:598,106
DA:599,54
DA:601,52
DA:602,52
DA:603,1
DA:605,51
DA:613,6
DA:631,8
DA:632,6
DA:634,2
DA:635,2
DA:637,2
DA:638,2
DA:654,6
DA:655,4
DA:657,2
DA:658,2
DA:660,2
DA:662,2
DA:681,8
DA:682,6
DA:683,4
DA:684,2
DA:685,2
DA:686,2
LF:83
LH:83
BRDA:378,1,0,9
BRDA:378,1,1,5
BRDA:417,2,0,1
BRDA:417,2,1,2
BRDA:438,3,0,28
BRDA:438,3,1,1
BRDA:439,4,0,27
BRDA:439,4,1,1
BRDA:444,5,0,21
BRDA:444,5,1,0
BRDA:461,6,0,56
BRDA:461,6,1,0
BRDA:485,7,0,28
BRDA:485,7,1,0
BRDA:486,8,0,26
BRDA:486,8,1,2
BRDA:539,9,0,77
BRDA:539,9,1,6
BRDA:558,10,0,32
BRDA:558,10,1,2
BRDA:559,11,0,30
BRDA:559,11,1,2
BRDA:560,12,0,28
BRDA:560,12,1,2
BRDA:561,13,0,24
BRDA:561,13,1,4
BRDA:577,14,0,1
BRDA:577,14,1,2
BRDA:598,15,0,54
BRDA:598,15,1,52
BRDA:602,16,0,1
BRDA:602,16,1,51
BRDA:631,17,0,6
BRDA:631,17,1,2
BRDA:632,18,0,2
BRDA:632,18,1,4
BRDA:654,19,0,4
BRDA:654,19,1,2
BRDA:655,20,0,2
BRDA:655,20,1,2
BRDA:681,21,0,6
BRDA:681,21,1,2
BRDA:682,22,0,4
BRDA:682,22,1,2
BRDA:683,23,0,2
BRDA:683,23,1,2
BRF:46
BRH:43
end_of_record
